andit": 0.0
Apr 17 11:34:24 ubuntu-4gb-nbg1-1 cryptomaster[142178]:       }
Apr 17 11:34:24 ubuntu-4gb-nbg1-1 cryptomaster[142178]:     },
Apr 17 11:34:24 ubuntu-4gb-nbg1-1 cryptomaster[142178]:     "features": {
Apr 17 11:34:24 ubuntu-4gb-nbg1-1 cryptomaster[142178]:       "mom": 0.3783,
Apr 17 11:34:24 ubuntu-4gb-nbg1-1 cryptomaster[142178]:       "breakout": 0.3783,
Apr 17 11:34:24 ubuntu-4gb-nbg1-1 cryptomaster[142178]:       "wick": 0.3783,
Apr 17 11:34:24 ubuntu-4gb-nbg1-1 cryptomaster[142178]:       "bounce": 0.3783,
Apr 17 11:34:24 ubuntu-4gb-nbg1-1 cryptomaster[142178]:       "trend": 0.3783,
Apr 17 11:34:24 ubuntu-4gb-nbg1-1 cryptomaster[142178]:       "vol": 0.3783,
Apr 17 11:34:24 ubuntu-4gb-nbg1-1 cryptomaster[142178]:       "pullback": 0.3783,
Apr 17 11:34:24 ubuntu-4gb-nbg1-1 cryptomaster[142178]:       "is_weekend": 0.3679
Apr 17 11:34:24 ubuntu-4gb-nbg1-1 cryptomaster[142178]:     },
Apr 17 11:34:24 ubuntu-4gb-nbg1-1 cryptomaster[142178]:     "block_reasons": {
Apr 17 11:34:24 ubuntu-4gb-nbg1-1 cryptomaster[142178]:       "QUIET_RSI": 1,
Apr 17 11:34:24 ubuntu-4gb-nbg1-1 cryptomaster[142178]:       "LOSS_CLUSTER": 591,
Apr 17 11:34:24 ubuntu-4gb-nbg1-1 cryptomaster[142178]:       "OFI_TOXIC_HARD": 359,
Apr 17 11:34:24 ubuntu-4gb-nbg1-1 cryptomaster[142178]:       "FREQ_CAP": 666,
Apr 17 11:34:24 ubuntu-4gb-nbg1-1 cryptomaster[142178]:       "OFI_TOXIC_SOFT": 6,
Apr 17 11:34:24 ubuntu-4gb-nbg1-1 cryptomaster[142178]:       "FAST_FAIL_SOFT": 276,
Apr 17 11:34:24 ubuntu-4gb-nbg1-1 cryptomaster[142178]:       "PAIR_BLOCK": 413
Apr 17 11:34:24 ubuntu-4gb-nbg1-1 cryptomaster[142178]:     },
Apr 17 11:34:24 ubuntu-4gb-nbg1-1 cryptomaster[142178]:     "completed_trades": 1660,
Apr 17 11:34:24 ubuntu-4gb-nbg1-1 cryptomaster[142178]:     "best_edge": "XRPUSDT (BULL_TREND)",
Apr 17 11:34:24 ubuntu-4gb-nbg1-1 cryptomaster[142178]:     "defense": {
Apr 17 11:34:24 ubuntu-4gb-nbg1-1 cryptomaster[142178]:       "wall_exits": 0,
Apr 17 11:34:24 ubuntu-4gb-nbg1-1 cryptomaster[142178]:       "timeouts": 0,
Apr 17 11:34:24 ubuntu-4gb-nbg1-1 cryptomaster[142178]:       "l2_rejected": 0,
Apr 17 11:34:24 ubuntu-4gb-nbg1-1 cryptomaster[142178]:       "corr_rejected": 0,
Apr 17 11:34:24 ubuntu-4gb-nbg1-1 cryptomaster[142178]:       "defended": 0,
Apr 17 11:34:24 ubuntu-4gb-nbg1-1 cryptomaster[142178]:       "efficiency": 0.0
Apr 17 11:34:24 ubuntu-4gb-nbg1-1 cryptomaster[142178]:     },
Apr 17 11:34:24 ubuntu-4gb-nbg1-1 cryptomaster[142178]:     "concept_drift": false
Apr 17 11:34:24 ubuntu-4gb-nbg1-1 cryptomaster[142178]:   }
Apr 17 11:34:24 ubuntu-4gb-nbg1-1 cryptomaster[142178]: }
Apr 17 11:34:24 ubuntu-4gb-nbg1-1 cryptomaster[142178]: ============================================================
Apr 17 11:34:24 ubuntu-4gb-nbg1-1 cryptomaster[142178]:   CRYPTOMASTER  |  1h 48m 21s  | AKTIVNI
Apr 17 11:34:24 ubuntu-4gb-nbg1-1 cryptomaster[142178]: ============================================================
Apr 17 11:34:24 ubuntu-4gb-nbg1-1 cryptomaster[142178]:     ZIVE CENY  (Binance · kazde 1 s)
Apr 17 11:34:24 ubuntu-4gb-nbg1-1 cryptomaster[142178]:   ────────────────────────────────────────────────────────
Apr 17 11:34:24 ubuntu-4gb-nbg1-1 cryptomaster[142178]:     BTC  $   75,536.7050   ─  +0.000%
Apr 17 11:34:24 ubuntu-4gb-nbg1-1 cryptomaster[142178]:     ETH  $    2,354.0150   ─  +0.000%
Apr 17 11:34:24 ubuntu-4gb-nbg1-1 cryptomaster[142178]:     ADA  $        0.2576   ─  +0.000%
Apr 17 11:34:24 ubuntu-4gb-nbg1-1 cryptomaster[142178]:     BNB  $      633.4250   ─  +0.000%  [OPEN]
Apr 17 11:34:24 ubuntu-4gb-nbg1-1 cryptomaster[142178]:     DOT  $        1.3155   ─  +0.000%
Apr 17 11:34:24 ubuntu-4gb-nbg1-1 cryptomaster[142178]:     SOL  $       88.1450   ─  +0.000%
Apr 17 11:34:24 ubuntu-4gb-nbg1-1 cryptomaster[142178]:     XRP  $        1.4451   ─  +0.000%
Apr 17 11:34:24 ubuntu-4gb-nbg1-1 cryptomaster[142178]:     OTEVRENE POZICE
Apr 17 11:34:24 ubuntu-4gb-nbg1-1 cryptomaster[142178]:   ────────────────────────────────────────────────────────
Apr 17 11:34:24 ubuntu-4gb-nbg1-1 cryptomaster[142178]:     BNB  SELL  $633.2833->$633.4250  -0.000004  TP:0.80%  SL:0.40%
Apr 17 11:34:24 ubuntu-4gb-nbg1-1 cryptomaster[142178]:     VYSLEDKY OBCHODOVANI
Apr 17 11:34:24 ubuntu-4gb-nbg1-1 cryptomaster[142178]:   ────────────────────────────────────────────────────────
Apr 17 11:34:24 ubuntu-4gb-nbg1-1 cryptomaster[142178]:     Obchody    1660  (OK 557  X 452  ~ 588)
Apr 17 11:34:24 ubuntu-4gb-nbg1-1 cryptomaster[142178]:     Winrate     55.2%  ━━━━━━━━━━━●────────── 55%  cil 55%  (bez timeoutu)
Apr 17 11:34:24 ubuntu-4gb-nbg1-1 cryptomaster[142178]:     Zisk        +0.00011663  ▶━●────────────────────
Apr 17 11:34:24 ubuntu-4gb-nbg1-1 cryptomaster[142178]:     Drawdown    0.00013501  (pokles od vrcholu)
Apr 17 11:34:24 ubuntu-4gb-nbg1-1 cryptomaster[142178]:     Serie       FIRE 2x vyhra v rade!
Apr 17 11:34:24 ubuntu-4gb-nbg1-1 cryptomaster[142178]:     ----------------------------------------
Apr 17 11:34:24 ubuntu-4gb-nbg1-1 cryptomaster[142178]:     Profit Factor  5.10x  (zisk / ztrata, cil > 1.5)
Apr 17 11:34:24 ubuntu-4gb-nbg1-1 cryptomaster[142178]:     Expectancy     +0.00000066  (prumerny vynos / obchod)
Apr 17 11:34:24 ubuntu-4gb-nbg1-1 cryptomaster[142178]:     Nejlepsi      +0.00007696   Nejhorsi  -0.00003183
Apr 17 11:34:24 ubuntu-4gb-nbg1-1 cryptomaster[142178]:     Posledni obchod  1m 18s zpet
Apr 17 11:34:24 ubuntu-4gb-nbg1-1 cryptomaster[142178]:     VYSLEDKY PO MENACH
Apr 17 11:34:24 ubuntu-4gb-nbg1-1 cryptomaster[142178]:   ────────────────────────────────────────────────────────
Apr 17 11:34:24 ubuntu-4gb-nbg1-1 cryptomaster[142178]:     Mena  Obch  WR  Bar          Zisk
Apr 17 11:34:24 ubuntu-4gb-nbg1-1 cryptomaster[142178]:     --------------------------------------------------
Apr 17 11:34:24 ubuntu-4gb-nbg1-1 cryptomaster[142178]:     BTC  32  69%  ━━━━━━━━━━━━━━●─────── 69%  +0.00015272  OK
Apr 17 11:34:24 ubuntu-4gb-nbg1-1 cryptomaster[142178]:     ETH  28  61%  ━━━━━━━━━━━━●───────── 61%  +0.00015095  OK
Apr 17 11:34:24 ubuntu-4gb-nbg1-1 cryptomaster[142178]:     ADA  12  42%  ━━━━━━━━●───────────── 42%  -0.00012584  X
Apr 17 11:34:24 ubuntu-4gb-nbg1-1 cryptomaster[142178]:     BNB  14  57%  ━━━━━━━━━━━●────────── 57%  +0.00002070  OK
Apr 17 11:34:24 ubuntu-4gb-nbg1-1 cryptomaster[142178]:     DOT  9  67%  ━━━━━━━━━━━━━●──────── 67%  +0.00005943  OK
Apr 17 11:34:24 ubuntu-4gb-nbg1-1 cryptomaster[142178]:     SOL  18  50%  ━━━━━━━━━━●─────────── 50%  -0.00001903  ?
Apr 17 11:34:24 ubuntu-4gb-nbg1-1 cryptomaster[142178]:     XRP  12  50%  ━━━━━━━━━━●─────────── 50%  +0.00005777  ?
Apr 17 11:34:24 ubuntu-4gb-nbg1-1 cryptomaster[142178]:     UCENI – STAV A USPESNOST
Apr 17 11:34:24 ubuntu-4gb-nbg1-1 cryptomaster[142178]:   ────────────────────────────────────────────────────────
Apr 17 11:34:33 ubuntu-4gb-nbg1-1 cryptomaster[142178]: WARNING:src.services.trade_executor:    [LATENCY_WARN] on_price processing time: 136.06ms (SLA: 50ms)
Apr 17 11:34:34 ubuntu-4gb-nbg1-1 cryptomaster[142178]:     Kalibrace      KALIBROVAN  ✓  ━━━━━━━━━━━━━━━━━━━━━● 100%  (1660 obchodu celkem)
Apr 17 11:34:34 ubuntu-4gb-nbg1-1 cryptomaster[142178]:     Trend uceni    ZHORŠUJE SE 📉
Apr 17 11:34:34 ubuntu-4gb-nbg1-1 cryptomaster[142178]:     Poslednich 50    46.0%  vs  prumer 55.2%  (-9.2%)
Apr 17 11:34:34 ubuntu-4gb-nbg1-1 cryptomaster[142178]:     EV vykon       prumer 0.034  min 0.017  max 0.048  (50 obch)
Apr 17 11:34:34 ubuntu-4gb-nbg1-1 cryptomaster[142178]:     Uzavreni       TP 0%  SL 0%  trail 0%  timeout 0%
Apr 17 11:34:34 ubuntu-4gb-nbg1-1 cryptomaster[142178]:     Kalibrace p    p=50.1%  WR=55.2%  odchylka 5.1pp  dobre
Apr 17 11:34:34 ubuntu-4gb-nbg1-1 cryptomaster[142178]:     WR dle rezimu
Apr 17 11:34:34 ubuntu-4gb-nbg1-1 cryptomaster[142178]:       BULL   ━━━━━━━━━●──────────── 49%  49%  (47 obch)
Apr 17 11:34:34 ubuntu-4gb-nbg1-1 cryptomaster[142178]:       BEAR   ━━━━━━━━━━━●────────── 55%  55%  (107 obch)
Apr 17 11:34:34 ubuntu-4gb-nbg1-1 cryptomaster[142178]:       RANGE  ━━━━━━━━━━━●────────── 56%  56%  (27 obch)
Apr 17 11:34:34 ubuntu-4gb-nbg1-1 cryptomaster[142178]:     AUDITOR  (ochrana strategie)
Apr 17 11:34:34 ubuntu-4gb-nbg1-1 cryptomaster[142178]:   ────────────────────────────────────────────────────────
Apr 17 11:34:34 ubuntu-4gb-nbg1-1 cryptomaster[142178]:     EV prah              0.100  score prah 0.180  t15=11  t60=39  aktivni
Apr 17 11:34:34 ubuntu-4gb-nbg1-1 cryptomaster[142178]:     Velikost pozice      1.00x  EV-only · loss streak → scale · DD halt 40%
Apr 17 11:34:34 ubuntu-4gb-nbg1-1 cryptomaster[142178]:     STRATEGIE  (ADX + EMA + MACD + BB + RSI)
Apr 17 11:34:34 ubuntu-4gb-nbg1-1 cryptomaster[142178]:   ────────────────────────────────────────────────────────
Apr 17 11:34:34 ubuntu-4gb-nbg1-1 cryptomaster[142178]:     Rezim trhu   BEAR TREND  silny pokles  (65%)
Apr 17 11:34:34 ubuntu-4gb-nbg1-1 cryptomaster[142178]:     Signaly (THIS CYCLE)  0 kandidati  (cele: 976 zachyceno  1660 provedeno)
Apr 17 11:34:34 ubuntu-4gb-nbg1-1 cryptomaster[142178]:     Filtrace      0.0%  projde filtrem  TP: 1.2xATR  /  SL: 0.8xATR  (RR 1.5:1)  EV-only
Apr 17 11:34:34 ubuntu-4gb-nbg1-1 cryptomaster[142178]:     POSLEDNI ROZHODNUTI
Apr 17 11:34:34 ubuntu-4gb-nbg1-1 cryptomaster[142178]:   ────────────────────────────────────────────────────────
Apr 17 11:34:34 ubuntu-4gb-nbg1-1 cryptomaster[142178]:     BTC  PRODEJ  $75,526.6300  p:50%  ev:0.035  BEAR
Apr 17 11:34:34 ubuntu-4gb-nbg1-1 cryptomaster[142178]:     ETH  PRODEJ  $2,353.2400  p:50%  ev:0.030  BULL
Apr 17 11:34:34 ubuntu-4gb-nbg1-1 cryptomaster[142178]:     ADA  PRODEJ  $0.2576  p:50%  ev:0.030  BEAR
Apr 17 11:34:34 ubuntu-4gb-nbg1-1 cryptomaster[142178]:     BNB  PRODEJ  $633.4250  p:50%  ev:0.030  BULL
Apr 17 11:34:34 ubuntu-4gb-nbg1-1 cryptomaster[142178]:     DOT  PRODEJ  $1.3155  p:50%  ev:0.030  BEAR
Apr 17 11:34:34 ubuntu-4gb-nbg1-1 cryptomaster[142178]:     SOL  PRODEJ  $88.0850  p:50%  ev:-0.030  BEAR
Apr 17 11:34:34 ubuntu-4gb-nbg1-1 cryptomaster[142178]:     XRP  zadny signal
Apr 17 11:34:34 ubuntu-4gb-nbg1-1 cryptomaster[142178]:   ────────────────────────────────────────────────────────
Apr 17 11:34:34 ubuntu-4gb-nbg1-1 cryptomaster[142178]:   Sbiram data ━━━ Trenink ━━━ ● Aktivni ───
Apr 17 11:34:34 ubuntu-4gb-nbg1-1 cryptomaster[142178]:   ────────────────────────────────────────────────────────
Apr 17 11:34:34 ubuntu-4gb-nbg1-1 cryptomaster[142178]:   STAV:  AKTIVNI – robot je kalibrovany a obchoduje!
Apr 17 11:34:34 ubuntu-4gb-nbg1-1 cryptomaster[142178]: ============================================================
Apr 17 11:34:34 ubuntu-4gb-nbg1-1 cryptomaster[142178]: === EXECUTION ENGINE ===
Apr 17 11:34:34 ubuntu-4gb-nbg1-1 cryptomaster[142178]:   Equity:   0.999961  |  DD: 0.01%
Apr 17 11:34:34 ubuntu-4gb-nbg1-1 cryptomaster[142178]:   Exposure: 0.019  |  Positions: 1
Apr 17 11:34:34 ubuntu-4gb-nbg1-1 cryptomaster[142178]:   Sharpe:   0.000  |  WR: 50.62%  |  Edge: 0.50000  |  MaxDD: 0.00%
Apr 17 11:34:34 ubuntu-4gb-nbg1-1 cryptomaster[142178]:   Failure:  0.000  [OK]
Apr 17 11:34:34 ubuntu-4gb-nbg1-1 cryptomaster[142178]:     BNBUSDT      BEAR_TREND   EV:+0.0008  Size:0.0193
Apr 17 11:34:34 ubuntu-4gb-nbg1-1 cryptomaster[142178]: === LEARNING MONITOR ===
Apr 17 11:34:34 ubuntu-4gb-nbg1-1 cryptomaster[142178]:   ADA  BEAR_TREND  n:4     EV:+0.000  WR:50%  conv:-- (4/20)  bandit:0.00
Apr 17 11:34:34 ubuntu-4gb-nbg1-1 cryptomaster[142178]:   ADA  BULL_TREND  n:10    EV:-0.006  WR:30%  conv:-- (10/20)  bandit:0.55
Apr 17 11:34:34 ubuntu-4gb-nbg1-1 cryptomaster[142178]:   BNB  BEAR_TREND  n:23    EV:+0.001  WR:26%  conv:0.80  bandit:0.45
Apr 17 11:34:34 ubuntu-4gb-nbg1-1 cryptomaster[142178]:   BNB  BULL_TREND  n:4     EV:+0.000  WR:25%  conv:-- (4/20)  bandit:0.00
Apr 17 11:34:34 ubuntu-4gb-nbg1-1 cryptomaster[142178]:   BTC  BEAR_TREND  n:21    EV:+0.001  WR:29%  conv:0.69  bandit:0.31
Apr 17 11:34:34 ubuntu-4gb-nbg1-1 cryptomaster[142178]:   BTC  BULL_TREND  n:6     EV:+0.000  WR:50%  conv:-- (6/20)  bandit:0.00
Apr 17 11:34:34 ubuntu-4gb-nbg1-1 cryptomaster[142178]:   BTC  RANGING     n:27    EV:+0.000  WR:30%  conv:0.81  bandit:0.54
Apr 17 11:34:34 ubuntu-4gb-nbg1-1 cryptomaster[142178]:   DOT  BEAR_TREND  n:14    EV:+0.001  WR:14%  conv:-- (14/20)  bandit:0.64
Apr 17 11:34:34 ubuntu-4gb-nbg1-1 cryptomaster[142178]:   ETH  BEAR_TREND  n:27    EV:+0.000  WR:30%  conv:0.89  bandit:0.30
Apr 17 11:34:34 ubuntu-4gb-nbg1-1 cryptomaster[142178]:   ETH  BULL_TREND  n:10    EV:+0.001  WR:40%  conv:-- (10/20)  bandit:0.38
Apr 17 11:34:34 ubuntu-4gb-nbg1-1 cryptomaster[142178]:   SOL  BEAR_TREND  n:16    EV:-0.000  WR:38%  conv:-- (16/20)  bandit:0.33
Apr 17 11:34:34 ubuntu-4gb-nbg1-1 cryptomaster[142178]:   SOL  BULL_TREND  n:7     EV:+0.000  WR:14%  conv:-- (7/20)  bandit:0.00
Apr 17 11:34:34 ubuntu-4gb-nbg1-1 cryptomaster[142178]:   XRP  BULL_TREND  n:10    EV:+0.005  WR:60%  conv:-- (10/20)  bandit:0.37
Apr 17 11:34:34 ubuntu-4gb-nbg1-1 cryptomaster[142178]:   Features (WR per signal key):
Apr 17 11:34:34 ubuntu-4gb-nbg1-1 cryptomaster[142178]:     mom                   [####--------]  38%  -
Apr 17 11:34:34 ubuntu-4gb-nbg1-1 cryptomaster[142178]:     breakout              [####--------]  38%  -
Apr 17 11:34:34 ubuntu-4gb-nbg1-1 cryptomaster[142178]:     wick                  [####--------]  38%  -
Apr 17 11:34:34 ubuntu-4gb-nbg1-1 cryptomaster[142178]:     bounce                [####--------]  38%  -
Apr 17 11:34:34 ubuntu-4gb-nbg1-1 cryptomaster[142178]:     trend                 [####--------]  38%  -
Apr 17 11:34:34 ubuntu-4gb-nbg1-1 cryptomaster[142178]:     vol                   [####--------]  38%  -
Apr 17 11:34:34 ubuntu-4gb-nbg1-1 cryptomaster[142178]:     pullback              [####--------]  38%  -
Apr 17 11:34:34 ubuntu-4gb-nbg1-1 cryptomaster[142178]:     is_weekend            [####--------]  37%  -
Apr 17 11:34:34 ubuntu-4gb-nbg1-1 cryptomaster[142178]:   [!] LEARNING: WEAK EDGE -- still converging
Apr 17 11:34:34 ubuntu-4gb-nbg1-1 cryptomaster[142178]:   Health: 0.148  [WEAK]
Apr 17 11:34:34 ubuntu-4gb-nbg1-1 cryptomaster[142178]: ========================
Apr 17 11:34:34 ubuntu-4gb-nbg1-1 cryptomaster[142178]: [V10.13g EXIT] TP=0 SL=0 micro=18 be=0 partial=(4,0,0) trail=5 scratch=116 stag=0 harvest=0 t_profit=0 t_flat=4 t_loss=0
Apr 17 11:34:34 ubuntu-4gb-nbg1-1 cryptomaster[142178]:   → Harvest rate: 18.4% (27/147)
Apr 17 11:34:34 ubuntu-4gb-nbg1-1 cryptomaster[142178]: 📊 [V10.13m EXIT_AUDIT]
Apr 17 11:34:34 ubuntu-4gb-nbg1-1 cryptomaster[142178]:   winners: SCRATCH_EXIT=56 PARTIAL_TP_25=4 MICRO_TP=2 EARLY_STOP=1 TRAIL_PROFIT=1
Apr 17 11:34:34 ubuntu-4gb-nbg1-1 cryptomaster[142178]:   near_miss: partial25_near_miss=54120 micro_near_miss=45439
Apr 17 11:34:34 ubuntu-4gb-nbg1-1 cryptomaster[142178]:   top_rejects:
Apr 17 11:34:34 ubuntu-4gb-nbg1-1 cryptomaster[142178]:   🔴 ETH $2,354.0350 | [fake_breakout] sc:4/7  ws:0.51 | BEAR_TREND | conf:92% [trend,pullback,vol,wick]
Apr 17 11:34:34 ubuntu-4gb-nbg1-1 cryptomaster[142178]:     decision=SKIP_PAIR  ETHUSDT/BEAR_TREND  wr=30%  n=27
Apr 17 11:34:34 ubuntu-4gb-nbg1-1 cryptomaster[142178]:   🔴 SOL $88.1350 | [fake_breakout] sc:4/7  ws:0.51 | BEAR_TREND | conf:69% [trend,pullback,vol,wick]
Apr 17 11:34:34 ubuntu-4gb-nbg1-1 cryptomaster[142178]:     EV=-0.050  p=0.50  rr=1.25  ws=0.505  score=0.117[n=1660]  t15=11  spread=0.010  af=1.00
Apr 17 11:34:34 ubuntu-4gb-nbg1-1 cryptomaster[142178]:     RDE[v10.10b]: ev=-0.050 thr=0.100 vel_pen=1.00 streak_pen=1.00 combo_pen=1.00 emergency=False
Apr 17 11:34:34 ubuntu-4gb-nbg1-1 cryptomaster[142178]:     coherence[v10.12]: 0.697  ev -0.050→-0.035
Apr 17 11:34:34 ubuntu-4gb-nbg1-1 cryptomaster[142178]:     decision=TAKE  ev=-0.0348  p=0.5000  af=1.00  coh=0.697
Apr 17 11:34:34 ubuntu-4gb-nbg1-1 cryptomaster[142178]:     ❌ BNB SELL $633.2833→$633.3450  -0.000016  [SCRATCH_EXIT] (fee: 0.00075)
Apr 17 11:34:34 ubuntu-4gb-nbg1-1 cryptomaster[142178]:     ❌ BNB SELL $633.2833→$633.3450  -0.000016  [SCRATCH_EXIT] (fee: 0.00075)
Apr 17 11:34:34 ubuntu-4gb-nbg1-1 cryptomaster[142178]: 💾 Firebase: saved 1 trades (batch write)
Apr 17 11:34:34 ubuntu-4gb-nbg1-1 cryptomaster[142178]:   [!] LEARNING: WEAK EDGE -- still converging
Apr 17 11:34:34 ubuntu-4gb-nbg1-1 cryptomaster[142178]:   ── CYCLE SNAPSHOT ────────────────────────────────────────
Apr 17 11:34:35 ubuntu-4gb-nbg1-1 cryptomaster[142178]: {
Apr 17 11:34:35 ubuntu-4gb-nbg1-1 cryptomaster[142178]:   "cycle_time": 1776425674.5364225,
Apr 17 11:34:35 ubuntu-4gb-nbg1-1 cryptomaster[142178]:   "positions": 0,
Apr 17 11:34:35 ubuntu-4gb-nbg1-1 cryptomaster[142178]:   "learning": {
Apr 17 11:34:35 ubuntu-4gb-nbg1-1 cryptomaster[142178]:     "health": 0.1497,
Apr 17 11:34:35 ubuntu-4gb-nbg1-1 cryptomaster[142178]:     "alert": "WEAK",
Apr 17 11:34:35 ubuntu-4gb-nbg1-1 cryptomaster[142178]:     "mode": "LIVE",
Apr 17 11:34:35 ubuntu-4gb-nbg1-1 cryptomaster[142178]:     "pairs": {
Apr 17 11:34:35 ubuntu-4gb-nbg1-1 cryptomaster[142178]:       "BNBUSDT_BEAR_TREND": {
Apr 17 11:34:35 ubuntu-4gb-nbg1-1 cryptomaster[142178]:         "sym": "BNBUSDT",
Apr 17 11:34:35 ubuntu-4gb-nbg1-1 cryptomaster[142178]:         "reg": "BEAR_TREND",
Apr 17 11:34:35 ubuntu-4gb-nbg1-1 cryptomaster[142178]:         "n": 24,
Apr 17 11:34:35 ubuntu-4gb-nbg1-1 cryptomaster[142178]:         "ev": 0.0008,
Apr 17 11:34:35 ubuntu-4gb-nbg1-1 cryptomaster[142178]:         "wr": 0.25,
Apr 17 11:34:35 ubuntu-4gb-nbg1-1 cryptomaster[142178]:         "conv": 0.831,
Apr 17 11:34:35 ubuntu-4gb-nbg1-1 cryptomaster[142178]:         "bandit": 0.446
Apr 17 11:34:35 ubuntu-4gb-nbg1-1 cryptomaster[142178]:       },
Apr 17 11:34:35 ubuntu-4gb-nbg1-1 cryptomaster[142178]:       "SOLUSDT_BEAR_TREND": {
Apr 17 11:34:35 ubuntu-4gb-nbg1-1 cryptomaster[142178]:         "sym": "SOLUSDT",
Apr 17 11:34:35 ubuntu-4gb-nbg1-1 cryptomaster[142178]:         "reg": "BEAR_TREND",
Apr 17 11:34:35 ubuntu-4gb-nbg1-1 cryptomaster[142178]:         "n": 16,
Apr 17 11:34:35 ubuntu-4gb-nbg1-1 cryptomaster[142178]:         "ev": -0.0,
Apr 17 11:34:35 ubuntu-4gb-nbg1-1 cryptomaster[142178]:         "wr": 0.375,
Apr 17 11:34:35 ubuntu-4gb-nbg1-1 cryptomaster[142178]:         "conv": 0.0,
Apr 17 11:34:35 ubuntu-4gb-nbg1-1 cryptomaster[142178]:         "bandit": 0.327
Apr 17 11:34:35 ubuntu-4gb-nbg1-1 cryptomaster[142178]:       },
Apr 17 11:34:35 ubuntu-4gb-nbg1-1 cryptomaster[142178]:       "XRPUSDT_BULL_TREND": {
Apr 17 11:34:35 ubuntu-4gb-nbg1-1 cryptomaster[142178]:         "sym": "XRPUSDT",
Apr 17 11:34:35 ubuntu-4gb-nbg1-1 cryptomaster[142178]:         "reg": "BULL_TREND",
Apr 17 11:34:35 ubuntu-4gb-nbg1-1 cryptomaster[142178]:         "n": 10,
Apr 17 11:34:35 ubuntu-4gb-nbg1-1 cryptomaster[142178]:         "ev": 0.0005,
Apr 17 11:34:35 ubuntu-4gb-nbg1-1 cryptomaster[142178]:         "wr": 0.6,
Apr 17 11:34:35 ubuntu-4gb-nbg1-1 cryptomaster[142178]:         "conv": 0.007,
Apr 17 11:34:35 ubuntu-4gb-nbg1-1 cryptomaster[142178]:         "bandit": 0.369
Apr 17 11:34:35 ubuntu-4gb-nbg1-1 cryptomaster[142178]:       },
Apr 17 11:34:35 ubuntu-4gb-nbg1-1 cryptomaster[142178]:       "ETHUSDT_BULL_TREND": {
Apr 17 11:34:35 ubuntu-4gb-nbg1-1 cryptomaster[142178]:         "sym": "ETHUSDT",
Apr 17 11:34:35 ubuntu-4gb-nbg1-1 cryptomaster[142178]:         "reg": "BULL_TREND",
Apr 17 11:34:35 ubuntu-4gb-nbg1-1 cryptomaster[142178]:         "n": 10,
Apr 17 11:34:35 ubuntu-4gb-nbg1-1 cryptomaster[142178]:         "ev": 0.0001,
Apr 17 11:34:35 ubuntu-4gb-nbg1-1 cryptomaster[142178]:         "wr": 0.4,
Apr 17 11:34:35 ubuntu-4gb-nbg1-1 cryptomaster[142178]:         "conv": 0.06,
Apr 17 11:34:35 ubuntu-4gb-nbg1-1 cryptomaster[142178]:         "bandit": 0.385
Apr 17 11:34:35 ubuntu-4gb-nbg1-1 cryptomaster[142178]:       },
Apr 17 11:34:35 ubuntu-4gb-nbg1-1 cryptomaster[142178]:       "ADAUSDT_BULL_TREND": {
Apr 17 11:34:35 ubuntu-4gb-nbg1-1 cryptomaster[142178]:         "sym": "ADAUSDT",
Apr 17 11:34:35 ubuntu-4gb-nbg1-1 cryptomaster[142178]:         "reg": "BULL_TREND",
Apr 17 11:34:35 ubuntu-4gb-nbg1-1 cryptomaster[142178]:         "n": 10,
Apr 17 11:34:35 ubuntu-4gb-nbg1-1 cryptomaster[142178]:         "ev": -0.0006,
Apr 17 11:34:35 ubuntu-4gb-nbg1-1 cryptomaster[142178]:         "wr": 0.3,
Apr 17 11:34:35 ubuntu-4gb-nbg1-1 cryptomaster[142178]:         "conv": 0.006,
Apr 17 11:34:35 ubuntu-4gb-nbg1-1 cryptomaster[142178]:         "bandit": 0.546
Apr 17 11:34:35 ubuntu-4gb-nbg1-1 cryptomaster[142178]:       },
Apr 17 11:34:35 ubuntu-4gb-nbg1-1 cryptomaster[142178]:       "BTCUSDT_BEAR_TREND": {
Apr 17 11:34:35 ubuntu-4gb-nbg1-1 cryptomaster[142178]:         "sym": "BTCUSDT",
Apr 17 11:34:35 ubuntu-4gb-nbg1-1 cryptomaster[142178]:         "reg": "BEAR_TREND",
Apr 17 11:34:35 ubuntu-4gb-nbg1-1 cryptomaster[142178]:         "n": 21,
Apr 17 11:34:35 ubuntu-4gb-nbg1-1 cryptomaster[142178]:         "ev": 0.0011,
Apr 17 11:34:35 ubuntu-4gb-nbg1-1 cryptomaster[142178]:         "wr": 0.2857,
Apr 17 11:34:35 ubuntu-4gb-nbg1-1 cryptomaster[142178]:         "conv": 0.69,
Apr 17 11:34:35 ubuntu-4gb-nbg1-1 cryptomaster[142178]:         "bandit": 0.308
Apr 17 11:34:35 ubuntu-4gb-nbg1-1 cryptomaster[142178]:       },
Apr 17 11:34:35 ubuntu-4gb-nbg1-1 cryptomaster[142178]:       "BTCUSDT_BULL_TREND": {
Apr 17 11:34:35 ubuntu-4gb-nbg1-1 cryptomaster[142178]:         "sym": "BTCUSDT",
Apr 17 11:34:35 ubuntu-4gb-nbg1-1 cryptomaster[142178]:         "reg": "BULL_TREND",
Apr 17 11:34:35 ubuntu-4gb-nbg1-1 cryptomaster[142178]:         "n": 6,
Apr 17 11:34:35 ubuntu-4gb-nbg1-1 cryptomaster[142178]:         "ev": 0.0,
Apr 17 11:34:35 ubuntu-4gb-nbg1-1 cryptomaster[142178]:         "wr": 0.5,
Apr 17 11:34:35 ubuntu-4gb-nbg1-1 cryptomaster[142178]:         "conv": 0.0,
Apr 17 11:34:35 ubuntu-4gb-nbg1-1 cryptomaster[142178]:         "bandit": 0.0
Apr 17 11:34:35 ubuntu-4gb-nbg1-1 cryptomaster[142178]:       },
Apr 17 11:34:35 ubuntu-4gb-nbg1-1 cryptomaster[142178]:       "ADAUSDT_BEAR_TREND": {
Apr 17 11:34:35 ubuntu-4gb-nbg1-1 cryptomaster[142178]:         "sym": "ADAUSDT",
Apr 17 11:34:35 ubuntu-4gb-nbg1-1 cryptomaster[142178]:         "reg": "BEAR_TREND",
Apr 17 11:34:35 ubuntu-4gb-nbg1-1 cryptomaster[142178]:         "n": 4,
Apr 17 11:34:35 ubuntu-4gb-nbg1-1 cryptomaster[142178]:         "ev": 0.0,
Apr 17 11:34:35 ubuntu-4gb-nbg1-1 cryptomaster[142178]:         "wr": 0.5,
Apr 17 11:34:35 ubuntu-4gb-nbg1-1 cryptomaster[142178]:         "conv": 0.0,
Apr 17 11:34:35 ubuntu-4gb-nbg1-1 cryptomaster[142178]:         "bandit": 0.0
Apr 17 11:34:35 ubuntu-4gb-nbg1-1 cryptomaster[142178]:       },
Apr 17 11:34:35 ubuntu-4gb-nbg1-1 cryptomaster[142178]:       "BNBUSDT_BULL_TREND": {
Apr 17 11:34:35 ubuntu-4gb-nbg1-1 cryptomaster[142178]:         "sym": "BNBUSDT",
Apr 17 11:34:35 ubuntu-4gb-nbg1-1 cryptomaster[142178]:         "reg": "BULL_TREND",
Apr 17 11:34:35 ubuntu-4gb-nbg1-1 cryptomaster[142178]:         "n": 4,
Apr 17 11:34:35 ubuntu-4gb-nbg1-1 cryptomaster[142178]:         "ev": 0.0,
Apr 17 11:34:35 ubuntu-4gb-nbg1-1 cryptomaster[142178]:         "wr": 0.25,
Apr 17 11:34:35 ubuntu-4gb-nbg1-1 cryptomaster[142178]:         "conv": 0.0,
Apr 17 11:34:35 ubuntu-4gb-nbg1-1 cryptomaster[142178]:         "bandit": 0.0
Apr 17 11:34:35 ubuntu-4gb-nbg1-1 cryptomaster[142178]:       },
Apr 17 11:34:35 ubuntu-4gb-nbg1-1 cryptomaster[142178]:       "ETHUSDT_BEAR_TREND": {
Apr 17 11:34:35 ubuntu-4gb-nbg1-1 cryptomaster[142178]:         "sym": "ETHUSDT",
Apr 17 11:34:35 ubuntu-4gb-nbg1-1 cryptomaster[142178]:         "reg": "BEAR_TREND",
Apr 17 11:34:35 ubuntu-4gb-nbg1-1 cryptomaster[142178]:         "n": 27,
Apr 17 11:34:35 ubuntu-4gb-nbg1-1 cryptomaster[142178]:         "ev": 0.0011,
Apr 17 11:34:35 ubuntu-4gb-nbg1-1 cryptomaster[142178]:         "wr": 0.2963,
Apr 17 11:34:35 ubuntu-4gb-nbg1-1 cryptomaster[142178]:         "conv": 0.886,
Apr 17 11:34:35 ubuntu-4gb-nbg1-1 cryptomaster[142178]:         "bandit": 0.303
Apr 17 11:34:35 ubuntu-4gb-nbg1-1 cryptomaster[142178]:       },
Apr 17 11:34:35 ubuntu-4gb-nbg1-1 cryptomaster[142178]:       "BTCUSDT_RANGING": {
Apr 17 11:34:35 ubuntu-4gb-nbg1-1 cryptomaster[142178]:         "sym": "BTCUSDT",
Apr 17 11:34:35 ubuntu-4gb-nbg1-1 cryptomaster[142178]:         "reg": "RANGING",
Apr 17 11:34:35 ubuntu-4gb-nbg1-1 cryptomaster[142178]:         "n": 27,
Apr 17 11:34:35 ubuntu-4gb-nbg1-1 cryptomaster[142178]:         "ev": -0.0002,
Apr 17 11:34:35 ubuntu-4gb-nbg1-1 cryptomaster[142178]:         "wr": 0.2963,
Apr 17 11:34:35 ubuntu-4gb-nbg1-1 cryptomaster[142178]:         "conv": 0.81,
Apr 17 11:34:35 ubuntu-4gb-nbg1-1 cryptomaster[142178]:         "bandit": 0.544
Apr 17 11:34:35 ubuntu-4gb-nbg1-1 cryptomaster[142178]:       },
Apr 17 11:34:35 ubuntu-4gb-nbg1-1 cryptomaster[142178]:       "DOTUSDT_BEAR_TREND": {
Apr 17 11:34:35 ubuntu-4gb-nbg1-1 cryptomaster[142178]:         "sym": "DOTUSDT",
Apr 17 11:34:35 ubuntu-4gb-nbg1-1 cryptomaster[142178]:         "reg": "BEAR_TREND",
Apr 17 11:34:35 ubuntu-4gb-nbg1-1 cryptomaster[142178]:         "n": 14,
Apr 17 11:34:35 ubuntu-4gb-nbg1-1 cryptomaster[142178]:         "ev": 0.0004,
Apr 17 11:34:35 ubuntu-4gb-nbg1-1 cryptomaster[142178]:         "wr": 0.1429,
Apr 17 11:34:35 ubuntu-4gb-nbg1-1 cryptomaster[142178]:         "conv": 0.0,
Apr 17 11:34:35 ubuntu-4gb-nbg1-1 cryptomaster[142178]:         "bandit": 0.638
Apr 17 11:34:35 ubuntu-4gb-nbg1-1 cryptomaster[142178]:       },
Apr 17 11:34:35 ubuntu-4gb-nbg1-1 cryptomaster[142178]:       "XRPUSDT_BEAR_TREND": {
Apr 17 11:34:35 ubuntu-4gb-nbg1-1 cryptomaster[142178]:         "sym": "XRPUSDT",
Apr 17 11:34:35 ubuntu-4gb-nbg1-1 cryptomaster[142178]:         "reg": "BEAR_TREND",
Apr 17 11:34:35 ubuntu-4gb-nbg1-1 cryptomaster[142178]:         "n": 2,
Apr 17 11:34:35 ubuntu-4gb-nbg1-1 cryptomaster[142178]:         "ev": 0.0,
Apr 17 11:34:35 ubuntu-4gb-nbg1-1 cryptomaster[142178]:         "wr": 0.0,
Apr 17 11:34:35 ubuntu-4gb-nbg1-1 cryptomaster[142178]:         "conv": 0.0,
Apr 17 11:34:35 ubuntu-4gb-nbg1-1 cryptomaster[142178]:         "bandit": 0.0
Apr 17 11:34:35 ubuntu-4gb-nbg1-1 cryptomaster[142178]:       },
Apr 17 11:34:35 ubuntu-4gb-nbg1-1 cryptomaster[142178]:       "SOLUSDT_BULL_TREND": {
Apr 17 11:34:35 ubuntu-4gb-nbg1-1 cryptomaster[142178]:         "sym": "SOLUSDT",
Apr 17 11:34:35 ubuntu-4gb-nbg1-1 cryptomaster[142178]:         "reg": "BULL_TREND",
Apr 17 11:34:35 ubuntu-4gb-nbg1-1 cryptomaster[142178]:         "n": 7,
Apr 17 11:34:35 ubuntu-4gb-nbg1-1 cryptomaster[142178]:         "ev": 0.0,
Apr 17 11:34:35 ubuntu-4gb-nbg1-1 cryptomaster[142178]:         "wr": 0.1429,
Apr 17 11:34:35 ubuntu-4gb-nbg1-1 cryptomaster[142178]:         "conv": 0.0,
Apr 17 11:34:35 ubuntu-4gb-nbg1-1 cryptomaster[142178]:         "bandit": 0.0
Apr 17 11:34:35 ubuntu-4gb-nbg1-1 cryptomaster[142178]:       }
Apr 17 11:34:35 ubuntu-4gb-nbg1-1 cryptomaster[142178]:     },
Apr 17 11:34:35 ubuntu-4gb-nbg1-1 cryptomaster[142178]:     "features": {
Apr 17 11:34:35 ubuntu-4gb-nbg1-1 cryptomaster[142178]:       "mom": 0.378,
Apr 17 11:34:35 ubuntu-4gb-nbg1-1 cryptomaster[142178]:       "breakout": 0.378,
Apr 17 11:34:35 ubuntu-4gb-nbg1-1 cryptomaster[142178]:       "wick": 0.378,
Apr 17 11:34:35 ubuntu-4gb-nbg1-1 cryptomaster[142178]:       "bounce": 0.378,
Apr 17 11:34:35 ubuntu-4gb-nbg1-1 cryptomaster[142178]:       "trend": 0.378,
Apr 17 11:34:35 ubuntu-4gb-nbg1-1 cryptomaster[142178]:       "vol": 0.378,
Apr 17 11:34:35 ubuntu-4gb-nbg1-1 cryptomaster[142178]:       "pullback": 0.378,
Apr 17 11:34:35 ubuntu-4gb-nbg1-1 cryptomaster[142178]:       "is_weekend": 0.3676
Apr 17 11:34:35 ubuntu-4gb-nbg1-1 cryptomaster[142178]:     },
Apr 17 11:34:35 ubuntu-4gb-nbg1-1 cryptomaster[142178]:     "block_reasons": {
Apr 17 11:34:35 ubuntu-4gb-nbg1-1 cryptomaster[142178]:       "QUIET_RSI": 1,
Apr 17 11:34:35 ubuntu-4gb-nbg1-1 cryptomaster[142178]:       "LOSS_CLUSTER": 591,
Apr 17 11:34:35 ubuntu-4gb-nbg1-1 cryptomaster[142178]:       "OFI_TOXIC_HARD": 359,
Apr 17 11:34:35 ubuntu-4gb-nbg1-1 cryptomaster[142178]:       "FREQ_CAP": 666,
Apr 17 11:34:35 ubuntu-4gb-nbg1-1 cryptomaster[142178]:       "OFI_TOXIC_SOFT": 6,
Apr 17 11:34:35 ubuntu-4gb-nbg1-1 cryptomaster[142178]:       "FAST_FAIL_SOFT": 276,
Apr 17 11:34:35 ubuntu-4gb-nbg1-1 cryptomaster[142178]:       "PAIR_BLOCK": 414
Apr 17 11:34:35 ubuntu-4gb-nbg1-1 cryptomaster[142178]:     },
Apr 17 11:34:35 ubuntu-4gb-nbg1-1 cryptomaster[142178]:     "completed_trades": 1661,
Apr 17 11:34:35 ubuntu-4gb-nbg1-1 cryptomaster[142178]:     "best_edge": "XRPUSDT (BULL_TREND)",
Apr 17 11:34:35 ubuntu-4gb-nbg1-1 cryptomaster[142178]:     "defense": {
Apr 17 11:34:35 ubuntu-4gb-nbg1-1 cryptomaster[142178]:       "wall_exits": 0,
Apr 17 11:34:35 ubuntu-4gb-nbg1-1 cryptomaster[142178]:       "timeouts": 0,
Apr 17 11:34:35 ubuntu-4gb-nbg1-1 cryptomaster[142178]:       "l2_rejected": 0,
Apr 17 11:34:35 ubuntu-4gb-nbg1-1 cryptomaster[142178]:       "corr_rejected": 0,
Apr 17 11:34:35 ubuntu-4gb-nbg1-1 cryptomaster[142178]:       "defended": 0,
Apr 17 11:34:35 ubuntu-4gb-nbg1-1 cryptomaster[142178]:       "efficiency": 0.0
Apr 17 11:34:35 ubuntu-4gb-nbg1-1 cryptomaster[142178]:     },
Apr 17 11:34:35 ubuntu-4gb-nbg1-1 cryptomaster[142178]:     "concept_drift": false
Apr 17 11:34:35 ubuntu-4gb-nbg1-1 cryptomaster[142178]:   }
Apr 17 11:34:35 ubuntu-4gb-nbg1-1 cryptomaster[142178]: }
Apr 17 11:34:35 ubuntu-4gb-nbg1-1 cryptomaster[142178]: ============================================================
Apr 17 11:34:35 ubuntu-4gb-nbg1-1 cryptomaster[142178]:   CRYPTOMASTER  |  1h 48m 31s  | AKTIVNI
Apr 17 11:34:35 ubuntu-4gb-nbg1-1 cryptomaster[142178]: ============================================================
Apr 17 11:34:35 ubuntu-4gb-nbg1-1 cryptomaster[142178]:     ZIVE CENY  (Binance · kazde 1 s)
Apr 17 11:34:35 ubuntu-4gb-nbg1-1 cryptomaster[142178]:   ────────────────────────────────────────────────────────
Apr 17 11:34:35 ubuntu-4gb-nbg1-1 cryptomaster[142178]:     BTC  $   75,530.8550   ─  +0.000%
Apr 17 11:34:35 ubuntu-4gb-nbg1-1 cryptomaster[142178]:     ETH  $    2,353.9650   ─  +0.000%
Apr 17 11:34:35 ubuntu-4gb-nbg1-1 cryptomaster[142178]:     ADA  $        0.2576   ─  +0.000%
Apr 17 11:34:35 ubuntu-4gb-nbg1-1 cryptomaster[142178]:     BNB  $      633.3150   ─  +0.000%
Apr 17 11:34:35 ubuntu-4gb-nbg1-1 cryptomaster[142178]:     DOT  $        1.3155   ─  +0.000%
Apr 17 11:34:35 ubuntu-4gb-nbg1-1 cryptomaster[142178]:     SOL  $       88.1250   ─  +0.000%
Apr 17 11:34:35 ubuntu-4gb-nbg1-1 cryptomaster[142178]:     XRP  $        1.4453   ─  +0.000%
Apr 17 11:34:35 ubuntu-4gb-nbg1-1 cryptomaster[142178]:     VYSLEDKY OBCHODOVANI
Apr 17 11:34:35 ubuntu-4gb-nbg1-1 cryptomaster[142178]:   ────────────────────────────────────────────────────────
Apr 17 11:34:35 ubuntu-4gb-nbg1-1 cryptomaster[142178]:     Obchody    1661  (OK 557  X 452  ~ 589)
Apr 17 11:34:35 ubuntu-4gb-nbg1-1 cryptomaster[142178]:     Winrate     55.2%  ━━━━━━━━━━━●────────── 55%  cil 55%  (bez timeoutu)
Apr 17 11:34:35 ubuntu-4gb-nbg1-1 cryptomaster[142178]:     Zisk        +0.00010027  ▶━●────────────────────
Apr 17 11:34:35 ubuntu-4gb-nbg1-1 cryptomaster[142178]:     Drawdown    0.00013501  (pokles od vrcholu)
Apr 17 11:34:35 ubuntu-4gb-nbg1-1 cryptomaster[142178]:     Serie       FIRE 2x vyhra v rade!
Apr 17 11:34:35 ubuntu-4gb-nbg1-1 cryptomaster[142178]:     ----------------------------------------
Apr 17 11:34:35 ubuntu-4gb-nbg1-1 cryptomaster[142178]:     Profit Factor  5.10x  (zisk / ztrata, cil > 1.5)
Apr 17 11:34:35 ubuntu-4gb-nbg1-1 cryptomaster[142178]:     Expectancy     +0.00000066  (prumerny vynos / obchod)
Apr 17 11:34:35 ubuntu-4gb-nbg1-1 cryptomaster[142178]:     Nejlepsi      +0.00007696   Nejhorsi  -0.00003183
Apr 17 11:34:35 ubuntu-4gb-nbg1-1 cryptomaster[142178]:     Posledni obchod  2s zpet
Apr 17 11:34:35 ubuntu-4gb-nbg1-1 cryptomaster[142178]:     VYSLEDKY PO MENACH
Apr 17 11:34:35 ubuntu-4gb-nbg1-1 cryptomaster[142178]:   ────────────────────────────────────────────────────────
Apr 17 11:34:35 ubuntu-4gb-nbg1-1 cryptomaster[142178]:     Mena  Obch  WR  Bar          Zisk
Apr 17 11:34:35 ubuntu-4gb-nbg1-1 cryptomaster[142178]:     --------------------------------------------------
Apr 17 11:34:35 ubuntu-4gb-nbg1-1 cryptomaster[142178]:     BTC  32  69%  ━━━━━━━━━━━━━━●─────── 69%  +0.00015272  OK
Apr 17 11:34:35 ubuntu-4gb-nbg1-1 cryptomaster[142178]:     ETH  28  61%  ━━━━━━━━━━━━●───────── 61%  +0.00015095  OK
Apr 17 11:34:35 ubuntu-4gb-nbg1-1 cryptomaster[142178]:     ADA  12  42%  ━━━━━━━━●───────────── 42%  -0.00012584  X
Apr 17 11:34:35 ubuntu-4gb-nbg1-1 cryptomaster[142178]:     BNB  14  57%  ━━━━━━━━━━━●────────── 57%  +0.00002070  OK
Apr 17 11:34:35 ubuntu-4gb-nbg1-1 cryptomaster[142178]:     DOT  9  67%  ━━━━━━━━━━━━━●──────── 67%  +0.00005943  OK
Apr 17 11:34:35 ubuntu-4gb-nbg1-1 cryptomaster[142178]:     SOL  18  50%  ━━━━━━━━━━●─────────── 50%  -0.00001903  ?
Apr 17 11:34:35 ubuntu-4gb-nbg1-1 cryptomaster[142178]:     XRP  12  50%  ━━━━━━━━━━●─────────── 50%  +0.00005777  ?
Apr 17 11:34:35 ubuntu-4gb-nbg1-1 cryptomaster[142178]:     UCENI – STAV A USPESNOST
Apr 17 11:34:35 ubuntu-4gb-nbg1-1 cryptomaster[142178]:   ────────────────────────────────────────────────────────
Apr 17 11:34:35 ubuntu-4gb-nbg1-1 cryptomaster[142178]:     Kalibrace      KALIBROVAN  ✓  ━━━━━━━━━━━━━━━━━━━━━● 100%  (1661 obchodu celkem)
Apr 17 11:34:35 ubuntu-4gb-nbg1-1 cryptomaster[142178]:     Trend uceni    ZHORŠUJE SE 📉
Apr 17 11:34:35 ubuntu-4gb-nbg1-1 cryptomaster[142178]:     Poslednich 50    44.0%  vs  prumer 55.2%  (-11.2%)
Apr 17 11:34:35 ubuntu-4gb-nbg1-1 cryptomaster[142178]:     EV vykon       prumer 0.034  min 0.017  max 0.048  (50 obch)
Apr 17 11:34:39 ubuntu-4gb-nbg1-1 cryptomaster[142178]: WARNING:root:on_price(BNBUSDT): Generated FORCED signal SHORT
Apr 17 11:34:45 ubuntu-4gb-nbg1-1 cryptomaster[142178]: WARNING:root:on_price(ETHUSDT): NO_CANDIDATE_PATTERN (edge genera